occur reason:address not mapped to object
occur position:
_Z3foov
/Users/gacmy/company/code/NativeBreak/testcrash/src/main/cpp/test_crash_jni.cpp:10
??
??:0
??
??:0
??
??:0
??
??:0
??
??:0
_Z3foov
/Users/gacmy/company/code/NativeBreak/testcrash/src/main/cpp/test_crash_jni.cpp:10
Java_com_test_crash_TestCrash_initNative
/Users/gacmy/company/code/NativeBreak/testcrash/src/main/cpp/test_crash_jni.cpp:16
??
??:0
??
??:0
??
??:0
??
??:0
??
??:0
??
??:0
??
??:0
??
??:0
??
??:0
??
??:0
??
??:0
??
??:0
??
??:0
occur reason:address not mapped to object
occur position:
??
??:0
_Z17capture_backtracePPvj
/home/gacmy/project/android_lib/android_catch_break/catchbreak.cpp:101
_Z14getStackBufferP9crash_msg
/home/gacmy/project/android_lib/android_catch_break/catchbreak.cpp:115
_Z14signal_handleriP7siginfoPv
/home/gacmy/project/android_lib/android_catch_break/catchbreak.cpp:239
_Z7cleanupv
/home/gacmy/project/android_lib/android_catch_break/catchbreak.cpp:346
??
??:0
??
??:0
??
??:0
??
??:0
??
??:0
??
??:0
??
??:0
??
??:0
??
??:0
??
??:0
??
??:0
??
??:0
??
??:0
??
??:0
??
??:0
??
??:0
